<?xml version="1.0" encoding="UTF-8"?>
<!-- Generated by org.testng.reporters.JUnitReportReporter -->
<testsuite hostname="DESKTOP-3JIP3OF" name="com.sp.testscripts.AppiumSampleTestSuite" tests="1" failures="0" timestamp="6 Feb 2018 08:39:50 GMT" time="14.146" errors="0">
  <testcase name="Login" time="14.146" classname="com.sp.testscripts.AppiumSampleTestSuite"/>
</testsuite> <!-- com.sp.testscripts.AppiumSampleTestSuite -->
